# JRE version: OpenJDK Runtime Environment (8.0_212-b04) (build 1.8.0_212-release-1586-b04)
# Java VM: OpenJDK 64-Bit Server VM (25.212-b04 mixed mode windows-amd64 compressed oops)
Heap:
 PSYoungGen      total 30208K, used 26885K [0x00000000d5f80000, 0x00000000d8580000, 0x0000000100000000)
  eden space 29696K, 90% used [0x00000000d5f80000,0x00000000d79b55e0,0x00000000d7c80000)
  from space 512K, 9% used [0x00000000d7d00000,0x00000000d7d0c020,0x00000000d7d80000)
  to   space 4608K, 0% used [0x00000000d8100000,0x00000000d8100000,0x00000000d8580000)
 ParOldGen       total 87552K, used 2789K [0x0000000081e00000, 0x0000000087380000, 0x00000000d5f80000)
  object space 87552K, 3% used [0x0000000081e00000,0x00000000820b9778,0x0000000087380000)
 Metaspace       used 9312K, capacity 9526K, committed 9600K, reserved 1058816K
  class space    used 1008K, capacity 1099K, committed 1152K, reserved 1048576K
GC Heap History (10 events):
Event: 36.768 GC heap before
{Heap before GC invocations=7 (full 0):
 PSYoungGen      total 35328K, used 35101K [0x00000000d5f80000, 0x00000000d8600000, 0x0000000100000000)
  eden space 32256K, 100% used [0x00000000d5f80000,0x00000000d7f00000,0x00000000d7f00000)
  from space 3072K, 92% used [0x00000000d8300000,0x00000000d85c74e8,0x00000000d8600000)
  to   space 3584K, 0% used [0x00000000d7f00000,0x00000000d7f00000,0x00000000d8280000)
 ParOldGen       total 87552K, used 56K [0x0000000081e00000, 0x0000000087380000, 0x00000000d5f80000)
  object space 87552K, 0% used [0x0000000081e00000,0x0000000081e0e000,0x0000000087380000)
 Metaspace       used 9312K, capacity 9526K, committed 9600K, reserved 1058816K
  class space    used 1008K, capacity 1099K, committed 1152K, reserved 1048576K
Event: 36.770 GC heap after
Heap after GC invocations=7 (full 0):
 PSYoungGen      total 35328K, used 256K [0x00000000d5f80000, 0x00000000d8680000, 0x0000000100000000)
  eden space 31744K, 0% used [0x00000000d5f80000,0x00000000d5f80000,0x00000000d7e80000)
  from space 3584K, 7% used [0x00000000d7f00000,0x00000000d7f40020,0x00000000d8280000)
  to   space 4096K, 0% used [0x00000000d8280000,0x00000000d8280000,0x00000000d8680000)
 ParOldGen       total 87552K, used 2765K [0x0000000081e00000, 0x0000000087380000, 0x00000000d5f80000)
  object space 87552K, 3% used [0x0000000081e00000,0x00000000820b3778,0x0000000087380000)
 Metaspace       used 9312K, capacity 9526K, committed 9600K, reserved 1058816K
  class space    used 1008K, capacity 1099K, committed 1152K, reserved 1048576K
}
Event: 40.527 GC heap before
{Heap before GC invocations=8 (full 0):
 PSYoungGen      total 35328K, used 32000K [0x00000000d5f80000, 0x00000000d8680000, 0x0000000100000000)
  eden space 31744K, 100% used [0x00000000d5f80000,0x00000000d7e80000,0x00000000d7e80000)
  from space 3584K, 7% used [0x00000000d7f00000,0x00000000d7f40020,0x00000000d8280000)
  to   space 4096K, 0% used [0x00000000d8280000,0x00000000d8280000,0x00000000d8680000)
 ParOldGen       total 87552K, used 2765K [0x0000000081e00000, 0x0000000087380000, 0x00000000d5f80000)
  object space 87552K, 3% used [0x0000000081e00000,0x00000000820b3778,0x0000000087380000)
 Metaspace       used 9312K, capacity 9526K, committed 9600K, reserved 1058816K
  class space    used 1008K, capacity 1099K, committed 1152K, reserved 1048576K
Event: 40.527 GC heap after
Heap after GC invocations=8 (full 0):
 PSYoungGen      total 34816K, used 128K [0x00000000d5f80000, 0x00000000d8600000, 0x0000000100000000)
  eden space 31232K, 0% used [0x00000000d5f80000,0x00000000d5f80000,0x00000000d7e00000)
  from space 3584K, 3% used [0x00000000d8280000,0x00000000d82a0030,0x00000000d8600000)
  to   space 4096K, 0% used [0x00000000d7e00000,0x00000000d7e00000,0x00000000d8200000)
 ParOldGen       total 87552K, used 2781K [0x0000000081e00000, 0x0000000087380000, 0x00000000d5f80000)
  object space 87552K, 3% used [0x0000000081e00000,0x00000000820b7778,0x0000000087380000)
 Metaspace       used 9312K, capacity 9526K, committed 9600K, reserved 1058816K
  class space    used 1008K, capacity 1099K, committed 1152K, reserved 1048576K
}
Event: 44.710 GC heap before
{Heap before GC invocations=9 (full 0):
 PSYoungGen      total 34816K, used 31360K [0x00000000d5f80000, 0x00000000d8600000, 0x0000000100000000)
  eden space 31232K, 100% used [0x00000000d5f80000,0x00000000d7e00000,0x00000000d7e00000)
  from space 3584K, 3% used [0x00000000d8280000,0x00000000d82a0030,0x00000000d8600000)
  to   space 4096K, 0% used [0x00000000d7e00000,0x00000000d7e00000,0x00000000d8200000)
 ParOldGen       total 87552K, used 2781K [0x0000000081e00000, 0x0000000087380000, 0x00000000d5f80000)
  object space 87552K, 3% used [0x0000000081e00000,0x00000000820b7778,0x0000000087380000)
 Metaspace       used 9312K, capacity 9526K, committed 9600K, reserved 1058816K
  class space    used 1008K, capacity 1099K, committed 1152K, reserved 1048576K
Event: 44.710 GC heap after
Heap after GC invocations=9 (full 0):
 PSYoungGen      total 34816K, used 96K [0x00000000d5f80000, 0x00000000d8680000, 0x0000000100000000)
  eden space 30720K, 0% used [0x00000000d5f80000,0x00000000d5f80000,0x00000000d7d80000)
  from space 4096K, 2% used [0x00000000d7e00000,0x00000000d7e18020,0x00000000d8200000)
  to   space 4608K, 0% used [0x00000000d8200000,0x00000000d8200000,0x00000000d8680000)
 ParOldGen       total 87552K, used 2789K [0x0000000081e00000, 0x0000000087380000, 0x00000000d5f80000)
  object space 87552K, 3% used [0x0000000081e00000,0x00000000820b9778,0x0000000087380000)
 Metaspace       used 9312K, capacity 9526K, committed 9600K, reserved 1058816K
  class space    used 1008K, capacity 1099K, committed 1152K, reserved 1048576K
}
Event: 49.088 GC heap before
{Heap before GC invocations=10 (full 0):
 PSYoungGen      total 34816K, used 30816K [0x00000000d5f80000, 0x00000000d8680000, 0x0000000100000000)
  eden space 30720K, 100% used [0x00000000d5f80000,0x00000000d7d80000,0x00000000d7d80000)
  from space 4096K, 2% used [0x00000000d7e00000,0x00000000d7e18020,0x00000000d8200000)
  to   space 4608K, 0% used [0x00000000d8200000,0x00000000d8200000,0x00000000d8680000)
 ParOldGen       total 87552K, used 2789K [0x0000000081e00000, 0x0000000087380000, 0x00000000d5f80000)
  object space 87552K, 3% used [0x0000000081e00000,0x00000000820b9778,0x0000000087380000)
 Metaspace       used 9312K, capacity 9526K, committed 9600K, reserved 1058816K
  class space    used 1008K, capacity 1099K, committed 1152K, reserved 1048576K
Event: 49.089 GC heap after
Heap after GC invocations=10 (full 0):
 PSYoungGen      total 34304K, used 32K [0x00000000d5f80000, 0x00000000d8600000, 0x0000000100000000)
  eden space 30208K, 0% used [0x00000000d5f80000,0x00000000d5f80000,0x00000000d7d00000)
  from space 4096K, 0% used [0x00000000d8200000,0x00000000d8208000,0x00000000d8600000)
  to   space 4608K, 0% used [0x00000000d7d00000,0x00000000d7d00000,0x00000000d8180000)
 ParOldGen       total 87552K, used 2789K [0x0000000081e00000, 0x0000000087380000, 0x00000000d5f80000)
  object space 87552K, 3% used [0x0000000081e00000,0x00000000820b9778,0x0000000087380000)
 Metaspace       used 9312K, capacity 9526K, committed 9600K, reserved 1058816K
  class space    used 1008K, capacity 1099K, committed 1152K, reserved 1048576K
}
Event: 53.068 GC heap before
{Heap before GC invocations=11 (full 0):
 PSYoungGen      total 34304K, used 30231K [0x00000000d5f80000, 0x00000000d8600000, 0x0000000100000000)
  eden space 30208K, 99% used [0x00000000d5f80000,0x00000000d7cfdec0,0x00000000d7d00000)
  from space 4096K, 0% used [0x00000000d8200000,0x00000000d8208000,0x00000000d8600000)
  to   space 4608K, 0% used [0x00000000d7d00000,0x00000000d7d00000,0x00000000d8180000)
 ParOldGen       total 87552K, used 2789K [0x0000000081e00000, 0x0000000087380000, 0x00000000d5f80000)
  object space 87552K, 3% used [0x0000000081e00000,0x00000000820b9778,0x0000000087380000)
 Metaspace       used 9312K, capacity 9526K, committed 9600K, reserved 1058816K
  class space    used 1008K, capacity 1099K, committed 1152K, reserved 1048576K
Event: 53.070 GC heap after
Heap after GC invocations=11 (full 0):
 PSYoungGen      total 30208K, used 48K [0x00000000d5f80000, 0x00000000d8580000, 0x0000000100000000)
  eden space 29696K, 0% used [0x00000000d5f80000,0x00000000d5f80000,0x00000000d7c80000)
  from space 512K, 9% used [0x00000000d7d00000,0x00000000d7d0c020,0x00000000d7d80000)
  to   space 4608K, 0% used [0x00000000d8100000,0x00000000d8100000,0x00000000d8580000)
 ParOldGen       total 87552K, used 2789K [0x0000000081e00000, 0x0000000087380000, 0x00000000d5f80000)
  object space 87552K, 3% used [0x0000000081e00000,0x00000000820b9778,0x0000000087380000)
 Metaspace       used 9312K, capacity 9526K, committed 9600K, reserved 1058816K
  class space    used 1008K, capacity 1099K, committed 1152K, reserved 1048576K
}

